<?xml version="1.0" encoding="UTF-8"?>
<testng-results skipped="0" failed="0" total="1" passed="1">
  <reporter-output>
  </reporter-output>
  <suite name="hpLaptop.FindLaptopTest" duration-ms="43276" started-at="2018-05-07T19:15:39Z" finished-at="2018-05-07T19:16:22Z">
    <groups>
    </groups>
    <test name="Command line test" duration-ms="43276" started-at="2018-05-07T19:15:39Z" finished-at="2018-05-07T19:16:22Z">
      <class name="hpLaptop.FindLaptopTest">
        <test-method status="PASS" signature="laptop()[pri:0, instance:hpLaptop.FindLaptopTest@2812cbfa]" name="laptop" duration-ms="43257" started-at="2018-05-07T15:15:39Z" finished-at="2018-05-07T15:16:22Z">
          <reporter-output>
          </reporter-output>
        </test-method> <!-- laptop -->
      </class> <!-- hpLaptop.FindLaptopTest -->
    </test> <!-- Command line test -->
  </suite> <!-- hpLaptop.FindLaptopTest -->
</testng-results>
